Using pre-set license
Built from '2020.3/release' branch; Version is '2020.3.27f1 (e759542391ea) revision 15161684'; Using compiler version '192528614'; Build Type 'Release'
OS: 'Windows 10  (10.0.19043) 64bit CoreSingleLanguage' Language: 'en' Physical Memory: 16230 MB
BatchMode: 1, IsHumanControllingUs: 0, StartBugReporterOnCrash: 0, Is64bit: 1, IsPro: 0

COMMAND LINE ARGUMENTS:
C:\Program Files\Unity\2020.3.27f1\Editor\Unity.exe
-adb2
-batchMode
-noUpm
-name
AssetImportWorker0
-projectPath
E:/Unity Projects/Classroom-VR
-logFile
Logs/AssetImportWorker0.log
-srvPort
64664
Successfully changed project path to: E:/Unity Projects/Classroom-VR
E:/Unity Projects/Classroom-VR
Using Asset Import Pipeline V2.
Refreshing native plugins compatible for Editor in 105.65 ms, found 8 plugins.
Preloading 1 native plugins for Editor in 2.10 ms.
Initialize engine version: 2020.3.27f1 (e759542391ea)
[Subsystems] Discovering subsystems at path C:/Program Files/Unity/2020.3.27f1/Editor/Data/Resources/UnitySubsystems
[Subsystems] Discovering subsystems at path E:/Unity Projects/Classroom-VR/Assets
GfxDevice: creating device client; threaded=0
Direct3D:
    Version:  Direct3D 11.0 [level 11.1]
    Renderer: NVIDIA GeForce GTX 1060 (ID=0x1c20)
    Vendor:   
    VRAM:     6052 MB
    Driver:   30.0.14.9649
Initialize mono
Mono path[0] = 'C:/Program Files/Unity/2020.3.27f1/Editor/Data/Managed'
Mono path[1] = 'C:/Program Files/Unity/2020.3.27f1/Editor/Data/MonoBleedingEdge/lib/mono/unityjit'
Mono config path = 'C:/Program Files/Unity/2020.3.27f1/Editor/Data/MonoBleedingEdge/etc'
Using monoOptions --debugger-agent=transport=dt_socket,embedding=1,server=y,suspend=n,address=127.0.0.1:56092
Begin MonoManager ReloadAssembly
Registering precompiled unity dll's ...
Register platform support module: C:/Program Files/Unity/2020.3.27f1/Editor/Data/PlaybackEngines/WindowsStandaloneSupport/UnityEditor.WindowsStandalone.Extensions.dll
Registered in 0.002722 seconds.
Native extension for WindowsStandalone target not found
Refreshing native plugins compatible for Editor in 65.75 ms, found 8 plugins.
Preloading 1 native plugins for Editor in 0.05 ms.
Mono: successfully reloaded assembly
- Completed reload, in  0.596 seconds
Domain Reload Profiling:
	ReloadAssembly (596ms)
		BeginReloadAssembly (71ms)
			ExecutionOrderSort (0ms)
			DisableScriptedObjects (0ms)
			BackupInstance (0ms)
			ReleaseScriptingObjects (0ms)
			CreateAndSetChildDomain (1ms)
		EndReloadAssembly (455ms)
			LoadAssemblies (68ms)
			RebuildTransferFunctionScriptingTraits (0ms)
			SetupTypeCache (142ms)
			ReleaseScriptCaches (0ms)
			RebuildScriptCaches (31ms)
			SetupLoadedEditorAssemblies (184ms)
				LogAssemblyErrors (0ms)
				InitializePlatformSupportModulesInManaged (4ms)
				SetLoadedEditorAssemblies (0ms)
				RefreshPlugins (66ms)
				BeforeProcessingInitializeOnLoad (16ms)
				ProcessInitializeOnLoadAttributes (72ms)
				ProcessInitializeOnLoadMethodAttributes (26ms)
				AfterProcessingInitializeOnLoad (0ms)
				EditorAssembliesLoaded (0ms)
			ExecutionOrderSort2 (0ms)
			AwakeInstancesAfterBackupRestoration (0ms)
Platform modules already initialized, skipping
Registering precompiled user dll's ...
Registered in 0.011215 seconds.
Begin MonoManager ReloadAssembly
Native extension for WindowsStandalone target not found
Refreshing native plugins compatible for Editor in 78.93 ms, found 8 plugins.
Preloading 1 native plugins for Editor in 0.06 ms.
[XR] OculusXRPlugin: registering subsystems
[XR] Unable to register display lifecyle provider: [1]
[XR] Oculus Input lifecycle provider registered.
[XR] Unable to register input lifecyle provider: [1]
System.Reflection.TargetInvocationException: Exception has been thrown by the target of an invocation. ---> System.NullReferenceException: Object reference not set to an instance of an object
  at Unity.XR.Oculus.OculusLoader.AssetPathToAbsolutePath (System.String assetPath) [0x00048] in E:\Unity Projects\Classroom-VR\Library\PackageCache\com.unity.xr.oculus@1.11.2\Runtime\OculusLoader.cs:250 
  at Unity.XR.Oculus.OculusLoader.EditorLoadOVRPlugin () [0x0007b] in E:\Unity Projects\Classroom-VR\Library\PackageCache\com.unity.xr.oculus@1.11.2\Runtime\OculusLoader.cs:235 
  at (wrapper managed-to-native) System.Reflection.MonoMethod.InternalInvoke(System.Reflection.MonoMethod,object,object[],System.Exception&)
  at System.Reflection.MonoMethod.Invoke (System.Object obj, System.Reflection.BindingFlags invokeAttr, System.Reflection.Binder binder, System.Object[] parameters, System.Globalization.CultureInfo culture) [0x00032] in <695d1cc93cca45069c528c15c9fdd749>:0 
   --- End of inner exception stack trace ---
  at System.Reflection.MonoMethod.Invoke (System.Object obj, System.Reflection.BindingFlags invokeAttr, System.Reflection.Binder binder, System.Object[] parameters, System.Globalization.CultureInfo culture) [0x00048] in <695d1cc93cca45069c528c15c9fdd749>:0 
  at System.Reflection.MethodBase.Invoke (System.Object obj, System.Object[] parameters) [0x00000] in <695d1cc93cca45069c528c15c9fdd749>:0 
  at UnityEditor.EditorAssemblies.ProcessInitializeOnLoadMethodAttributes () [0x00047] in <63ccfe108ffa44728b417cb47fb2f841>:0 
UnityEngine.StackTraceUtility:ExtractStackTrace ()
UnityEngine.DebugLogHandler:LogFormat (UnityEngine.LogType,UnityEngine.Object,string,object[])
UnityEngine.Logger:Log (UnityEngine.LogType,object)
UnityEngine.Debug:LogError (object)
UnityEditor.EditorAssemblies:ProcessInitializeOnLoadMethodAttributes ()

Mono: successfully reloaded assembly
- Completed reload, in  1.949 seconds
Domain Reload Profiling:
	ReloadAssembly (1950ms)
		BeginReloadAssembly (180ms)
			ExecutionOrderSort (0ms)
			DisableScriptedObjects (4ms)
			BackupInstance (0ms)
			ReleaseScriptingObjects (0ms)
			CreateAndSetChildDomain (22ms)
		EndReloadAssembly (1710ms)
			LoadAssemblies (129ms)
			RebuildTransferFunctionScriptingTraits (0ms)
			SetupTypeCache (370ms)
			ReleaseScriptCaches (1ms)
			RebuildScriptCaches (71ms)
			SetupLoadedEditorAssemblies (1024ms)
				LogAssemblyErrors (0ms)
				InitializePlatformSupportModulesInManaged (4ms)
				SetLoadedEditorAssemblies (0ms)
				RefreshPlugins (79ms)
				BeforeProcessingInitializeOnLoad (92ms)
				ProcessInitializeOnLoadAttributes (820ms)
				ProcessInitializeOnLoadMethodAttributes (22ms)
				AfterProcessingInitializeOnLoad (8ms)
				EditorAssembliesLoaded (0ms)
			ExecutionOrderSort2 (0ms)
			AwakeInstancesAfterBackupRestoration (5ms)
Platform modules already initialized, skipping
========================================================================
Worker process is ready to serve import requests
Launched and connected shader compiler UnityShaderCompiler.exe after 0.05 seconds
Refreshing native plugins compatible for Editor in 0.93 ms, found 8 plugins.
Preloading 1 native plugins for Editor in 0.05 ms.
Unloading 3035 Unused Serialized files (Serialized files now loaded: 0)
System memory in use before: 130.1 MB.
System memory in use after: 130.3 MB.

Unloading 65 unused Assets to reduce memory usage. Loaded Objects now: 3435.
Total: 4.095100 ms (FindLiveObjects: 0.218500 ms CreateObjectMapping: 0.111600 ms MarkObjects: 3.695400 ms  DeleteObjects: 0.068800 ms)

AssetImportParameters requested are different than current active one (requested -> active):
  custom:framework-win-MediaFoundation: 216162199b28c13a410421893ffa2e32 -> 
  custom:video-decoder-ogg-theora: a1e56fd34408186e4bbccfd4996cb3dc -> 
  custom:container-muxer-webm: aa71ff27fc2769a1b78a27578f13a17b -> 
  custom:container-demuxer-webm: 4f35f7cbe854078d1ac9338744f61a02 -> 
  custom:container-demuxer-ogg: 62fdf1f143b41e24485cea50d1cbac27 -> 
  custom:video-encoder-webm-vp8: eb34c28f22e8b96e1ab97ce403110664 -> 
  custom:video-decoder-webm-vp8: 9c59270c3fd7afecdb556c50c9e8de78 -> 
  custom:audio-decoder-ogg-vorbis: bf7c407c2cedff20999df2af8eb42d56 -> 
  custom:audio-encoder-webm-vorbis: bf7c407c2cedff20999df2af8eb42d56 -> 
========================================================================
Received Import Request.
  path: Assets/VR Classroom/Scenes/Classroom_New.unity
  artifactKey: Guid(f11fe5992b62914449075ae82de08a49) Importer(815301076,1909f56bfc062723c751e8b465ee728b)
Start importing Assets/VR Classroom/Scenes/Classroom_New.unity using Guid(f11fe5992b62914449075ae82de08a49) Importer(815301076,1909f56bfc062723c751e8b465ee728b)  -> (artifact id: '1a4f6fadf3f272fa132af0a02d7e4509') in 0.015466 seconds 
  Import took 0.780577 seconds .

========================================================================
Received Import Request.
  Time since last request: 0.941847 seconds.
  path: Assets/VR Classroom/Resources/StudentBodyNonVR.prefab
  artifactKey: Guid(38c35990c8a71d844b4037e4e8104c8e) Importer(815301076,1909f56bfc062723c751e8b465ee728b)
Start importing Assets/VR Classroom/Resources/StudentBodyNonVR.prefab using Guid(38c35990c8a71d844b4037e4e8104c8e) Importer(815301076,1909f56bfc062723c751e8b465ee728b)  -> (artifact id: '816b9a5a05f54424a71d108bab8ac2f9') in 0.399879 seconds 
  Import took 1.170412 seconds .

========================================================================
Received Import Request.
  Time since last request: 8.429852 seconds.
  path: Assets/VR Classroom/Resources/StudentBodyCardboard-Boy.prefab
  artifactKey: Guid(32ded9014b54c9a44bc9da2e427a7443) Importer(815301076,1909f56bfc062723c751e8b465ee728b)
Start importing Assets/VR Classroom/Resources/StudentBodyCardboard-Boy.prefab using Guid(32ded9014b54c9a44bc9da2e427a7443) Importer(815301076,1909f56bfc062723c751e8b465ee728b)  -> (artifact id: '41adfd636d04f65993dc19827c60fe93') in 0.517864 seconds 
  Import took 0.613161 seconds .

========================================================================
Received Import Request.
  Time since last request: 51.802848 seconds.
  path: Assets/VR Classroom/Resources/StudentBodyNonVR.prefab
  artifactKey: Guid(38c35990c8a71d844b4037e4e8104c8e) Importer(815301076,1909f56bfc062723c751e8b465ee728b)
Start importing Assets/VR Classroom/Resources/StudentBodyNonVR.prefab using Guid(38c35990c8a71d844b4037e4e8104c8e) Importer(815301076,1909f56bfc062723c751e8b465ee728b)  -> (artifact id: 'cb70752c966cb435659ec4bd82aa1a5e') in 0.016958 seconds 
  Import took 0.058747 seconds .

========================================================================
Received Import Request.
  Time since last request: 86.022969 seconds.
  path: Assets/VR Classroom/Scenes/Classroom_New_2.unity
  artifactKey: Guid(a32b87cac97189a45993f99a26314df2) Importer(815301076,1909f56bfc062723c751e8b465ee728b)
Start importing Assets/VR Classroom/Scenes/Classroom_New_2.unity using Guid(a32b87cac97189a45993f99a26314df2) Importer(815301076,1909f56bfc062723c751e8b465ee728b)  -> (artifact id: 'f79093e0cf8ec63be1f03a996b47b13b') in 0.003915 seconds 
  Import took 0.108599 seconds .

========================================================================
Received Import Request.
  Time since last request: 55.965812 seconds.
  path: Assets/VR Classroom/Scenes/Classroom_New_3.unity
  artifactKey: Guid(d12f728ddd8c02442bb2bbc87a7573b5) Importer(815301076,1909f56bfc062723c751e8b465ee728b)
Start importing Assets/VR Classroom/Scenes/Classroom_New_3.unity using Guid(d12f728ddd8c02442bb2bbc87a7573b5) Importer(815301076,1909f56bfc062723c751e8b465ee728b)  -> (artifact id: 'a71cbc56d2fc6bd105f5311e592fe69b') in 0.005694 seconds 
  Import took 0.825060 seconds .

========================================================================
Received Import Request.
  Time since last request: 48.048319 seconds.
  path: Assets/VR Classroom/Scenes/Lobby.unity
  artifactKey: Guid(9f293561f632038428d57a97dc3a6b3d) Importer(815301076,1909f56bfc062723c751e8b465ee728b)
Start importing Assets/VR Classroom/Scenes/Lobby.unity using Guid(9f293561f632038428d57a97dc3a6b3d) Importer(815301076,1909f56bfc062723c751e8b465ee728b)  -> (artifact id: 'f624d966c3c7c2c7e20490b9148b4b0f') in 0.002700 seconds 
  Import took 0.099408 seconds .

========================================================================
Received Prepare
Refreshing native plugins compatible for Editor in 12.80 ms, found 8 plugins.
Preloading 1 native plugins for Editor in 0.05 ms.
Unloading 54 Unused Serialized files (Serialized files now loaded: 0)
System memory in use before: 87.0 MB.
System memory in use after: 87.3 MB.

Unloading 54 unused Assets to reduce memory usage. Loaded Objects now: 3445.
Total: 4.451400 ms (FindLiveObjects: 0.189200 ms CreateObjectMapping: 0.111300 ms MarkObjects: 4.126100 ms  DeleteObjects: 0.023900 ms)

AssetImportParameters requested are different than current active one (requested -> active):
  custom:framework-win-MediaFoundation: 216162199b28c13a410421893ffa2e32 -> 
  custom:video-decoder-ogg-theora: a1e56fd34408186e4bbccfd4996cb3dc -> 
  custom:container-muxer-webm: aa71ff27fc2769a1b78a27578f13a17b -> 
  custom:container-demuxer-webm: 4f35f7cbe854078d1ac9338744f61a02 -> 
  custom:container-demuxer-ogg: 62fdf1f143b41e24485cea50d1cbac27 -> 
  custom:video-encoder-webm-vp8: eb34c28f22e8b96e1ab97ce403110664 -> 
  custom:video-decoder-webm-vp8: 9c59270c3fd7afecdb556c50c9e8de78 -> 
  custom:audio-decoder-ogg-vorbis: bf7c407c2cedff20999df2af8eb42d56 -> 
  custom:audio-encoder-webm-vorbis: bf7c407c2cedff20999df2af8eb42d56 -> 
